<?xml version="1.0" encoding="UTF-8"?>
<!-- Generated by org.testng.reporters.JUnitReportReporter -->
<testsuite hostname="DESKTOP-2JV28L1" failures="0" tests="1" name="runners.FormFillRunner" time="0.193" errors="0" timestamp="2023-04-24T18:10:19 IST" skipped="0">
  <testcase classname="runners.FormFillRunner" name="runScenario" time="0.193"/>
  <system-out/>
</testsuite> <!-- runners.FormFillRunner -->
