<?xml version="1.0" encoding="UTF-8"?>
<!-- Generated by org.testng.reporters.JUnitReportReporter -->
<testsuite hostname="DESKTOP-2JV28L1" failures="0" tests="2" name="runners.ProfileRunner" time="0.196" errors="0" timestamp="2023-04-25T17:08:13 IST" skipped="0">
  <testcase classname="runners.ProfileRunner" name="runScenario" time="0.175"/>
  <system-out/>
  <testcase classname="runners.ProfileRunner" name="runScenario" time="0.021"/>
  <system-out/>
</testsuite> <!-- runners.ProfileRunner -->
