<?xml version="1.0" encoding="UTF-8"?>
<!-- Generated by org.testng.reporters.JUnitReportReporter -->
<testsuite hostname="DESKTOP-2JV28L1" failures="0" tests="3" name="runners.ScenarioOutlineRunner" time="0.273" errors="0" timestamp="2023-04-24T17:01:48 IST" skipped="0">
  <testcase classname="runners.ScenarioOutlineRunner" name="runScenario" time="0.049"/>
  <system-out/>
  <testcase classname="runners.ScenarioOutlineRunner" name="runScenario" time="0.206"/>
  <system-out/>
  <testcase classname="runners.ScenarioOutlineRunner" name="runScenario" time="0.018"/>
  <system-out/>
</testsuite> <!-- runners.ScenarioOutlineRunner -->
