<?xml version="1.0" encoding="UTF-8"?>
<!-- Generated by org.testng.reporters.JUnitReportReporter -->
<testsuite hostname="DESKTOP-2JV28L1" failures="0" tests="2" name="runners.LoginRunner" time="0.184" errors="0" timestamp="2023-04-23T16:53:31 IST" skipped="0">
  <testcase classname="runners.LoginRunner" name="runScenario" time="0.154"/>
  <system-out/>
  <testcase classname="runners.LoginRunner" name="runScenario" time="0.030"/>
  <system-out/>
</testsuite> <!-- runners.LoginRunner -->
