<?xml version="1.0" encoding="UTF-8"?>
<!-- Generated by org.testng.reporters.JUnitReportReporter -->
<testsuite hostname="DESKTOP-2JV28L1" failures="0" tests="1" name="runners.LoginwithdataRunner" time="0.173" errors="0" timestamp="2023-04-23T17:26:35 IST" skipped="0">
  <testcase classname="runners.LoginwithdataRunner" name="runScenario" time="0.173"/>
  <system-out/>
</testsuite> <!-- runners.LoginwithdataRunner -->
