<?xml version="1.0" encoding="UTF-8"?>
<!-- Generated by org.testng.reporters.JUnitReportReporter -->
<testsuite hostname="DESKTOP-2JV28L1" failures="0" tests="2" name="runners.OrderRunner" time="0.223" errors="0" timestamp="2023-04-23T17:54:52 IST" skipped="0">
  <testcase classname="runners.OrderRunner" name="runScenario" time="0.199"/>
  <system-out/>
  <testcase classname="runners.OrderRunner" name="runScenario" time="0.024"/>
  <system-out/>
</testsuite> <!-- runners.OrderRunner -->
