<?xml version="1.0" encoding="UTF-8"?>
<!-- Generated by org.testng.reporters.JUnitReportReporter -->
<testsuite hostname="DESKTOP-2JV28L1" failures="0" tests="1" name="Execution.RunAmazonTest" time="12.180" errors="0" timestamp="2023-05-06T17:19:55 IST" skipped="0">
  <testcase classname="Execution.RunAmazonTest" name="runScenario" time="12.180"/>
  <system-out/>
</testsuite> <!-- Execution.RunAmazonTest -->
